
E:\Projects\Javascript\TruffleTest\node_modules\uws>if not defined npm_config_node_gyp (node "F:\Background\nodejs\node_modules\npm\node_modules\npm-lifecycle\node-gyp-bin\\..\..\node_modules\node-gyp\bin\node-gyp.js" rebuild )  else (node "F:\Background\nodejs\node_modules\npm\node_modules\node-gyp\bin\node-gyp.js" rebuild ) 
이 솔루션의 프로젝트를 한 번에 하나씩 빌드합니다. 병렬 빌드를 사용하려면 "/m" 스위치를 추가하십시오.
  Extensions.cpp
  Group.cpp
  Networking.cpp
  Hub.cpp
  Node.cpp
  WebSocket.cpp
  HTTPSocket.cpp
  Socket.cpp
e:\projects\javascript\truffletest\node_modules\uws\src\Networking.h(7): fatal error C1083: Cannot open include file: 'openssl/opensslv.h': No such file or directory (compiling source file ..\src\Node.cpp) [E:\Projects\Javascript\TruffleTest\node_modules\uws\build\uws.vcxproj]
e:\projects\javascript\truffletest\node_modules\uws\src\Networking.h(7): fatal error C1083: Cannot open include file: 'openssl/opensslv.h': No such file or directory (compiling source file ..\src\Hub.cpp) [E:\Projects\Javascript\TruffleTest\node_modules\uws\build\uws.vcxproj]
e:\projects\javascript\truffletest\node_modules\uws\src\Networking.h(7): fatal error C1083: Cannot open include file: 'openssl/opensslv.h': No such file or directory (compiling source file ..\src\Socket.cpp) [E:\Projects\Javascript\TruffleTest\node_modules\uws\build\uws.vcxproj]
e:\projects\javascript\truffletest\node_modules\uws\src\Networking.h(7): fatal error C1083: Cannot open include file: 'openssl/opensslv.h': No such file or directory (compiling source file ..\src\Networking.cpp) [E:\Projects\Javascript\TruffleTest\node_modules\uws\build\uws.vcxproj]
e:\projects\javascript\truffletest\node_modules\uws\src\Networking.h(7): fatal error C1083: Cannot open include file: 'openssl/opensslv.h': No such file or directory (compiling source file ..\src\Group.cpp) [E:\Projects\Javascript\TruffleTest\node_modules\uws\build\uws.vcxproj]
  addon.cpp
  win_delay_load_hook.cc
e:\projects\javascript\truffletest\node_modules\uws\src\Networking.h(7): fatal error C1083: Cannot open include file: 'openssl/opensslv.h': No such file or directory (compiling source file ..\src\WebSocket.cpp) [E:\Projects\Javascript\TruffleTest\node_modules\uws\build\uws.vcxproj]
e:\projects\javascript\truffletest\node_modules\uws\src\Networking.h(7): fatal error C1083: Cannot open include file: 'openssl/opensslv.h': No such file or directory (compiling source file ..\src\HTTPSocket.cpp) [E:\Projects\Javascript\TruffleTest\node_modules\uws\build\uws.vcxproj]
e:\projects\javascript\truffletest\node_modules\uws\src\Networking.h(7): fatal error C1083: Cannot open include file: 'openssl/opensslv.h': No such file or directory (compiling source file ..\src\addon.cpp) [E:\Projects\Javascript\TruffleTest\node_modules\uws\build\uws.vcxproj]
gyp ERR! build error 
gyp ERR! stack Error: `C:\Program Files (x86)\MSBuild\14.0\bin\msbuild.exe` failed with exit code: 1
gyp ERR! stack     at ChildProcess.onExit (F:\Background\nodejs\node_modules\npm\node_modules\node-gyp\lib\build.js:258:23)
gyp ERR! stack     at emitTwo (events.js:126:13)
gyp ERR! stack     at ChildProcess.emit (events.js:214:7)
gyp ERR! stack     at Process.ChildProcess._handle.onexit (internal/child_process.js:198:12)
gyp ERR! System Windows_NT 10.0.17134
gyp ERR! command "F:\\Background\\nodejs\\node.exe" "F:\\Background\\nodejs\\node_modules\\npm\\node_modules\\node-gyp\\bin\\node-gyp.js" "rebuild"
gyp ERR! cwd E:\Projects\Javascript\TruffleTest\node_modules\uws
gyp ERR! node -v v8.11.3
gyp ERR! node-gyp -v v3.6.2
gyp ERR! not ok 
